<?xml version="1.0" encoding="UTF-8"?>
<!-- Generated by org.testng.reporters.JUnitReportReporter -->
<testsuite hostname="Erwin" failures="0" tests="4" name="week6.day1.CreateLead" time="54.345" errors="0" timestamp="2025-01-19T21:25:12 IST" skipped="0">
  <testcase classname="week6.day1.CreateLead" name="RunCreateLead" time="15.327"/>
  <system-out/>
  <testcase classname="week6.day1.CreateLead" name="RunCreateLead" time="13.353"/>
  <system-out/>
  <testcase classname="week6.day1.CreateLead" name="RunCreateLead" time="12.168"/>
  <system-out/>
  <testcase classname="week6.day1.CreateLead" name="RunCreateLead" time="13.497"/>
  <system-out/>
</testsuite> <!-- week6.day1.CreateLead -->
