<?xml version="1.0" encoding="UTF-8"?>
<!-- Generated by org.testng.reporters.JUnitReportReporter -->
<testsuite hostname="Erwin" failures="0" tests="2" name="runner.LoginRunner" time="12.070" errors="0" timestamp="2024-08-03T10:00:24 IST" skipped="0">
  <testcase classname="runner.LoginRunner" name="runScenario" time="6.433"/>
  <system-out/>
  <testcase classname="runner.LoginRunner" name="runScenario" time="5.637"/>
  <system-out/>
</testsuite> <!-- runner.LoginRunner -->
