<?xml version="1.0" encoding="UTF-8"?>
<!-- Generated by org.testng.reporters.JUnitReportReporter -->
<testsuite hostname="Erwin" failures="0" tests="2" name="runner.CreateMultiLeadRunner" time="23.134" errors="0" timestamp="2024-07-28T12:24:27 IST" skipped="0">
  <testcase classname="runner.CreateMultiLeadRunner" name="runScenario" time="11.967"/>
  <system-out/>
  <testcase classname="runner.CreateMultiLeadRunner" name="runScenario" time="11.167"/>
  <system-out/>
</testsuite> <!-- runner.CreateMultiLeadRunner -->
