<?xml version="1.0" encoding="UTF-8"?>
<!-- Generated by org.testng.reporters.JUnitReportReporter -->
<testsuite hostname="Erwin" failures="0" tests="1" name="week5.day1.SampleTest" time="0.006" errors="0" timestamp="2024-07-21T09:58:28 IST" skipped="0">
  <testcase classname="week5.day1.SampleTest" name="testPrintMessage" time="0.006"/>
  <system-out/>
</testsuite> <!-- week5.day1.SampleTest -->
