<?xml version="1.0" encoding="UTF-8"?>
<!-- Generated by org.testng.reporters.JUnitReportReporter -->
<testsuite hostname="Erwin" failures="0" tests="1" name="week5.day1.EditLead" time="16.087" errors="0" timestamp="2024-08-06T22:43:27 IST" skipped="0">
  <testcase classname="week5.day1.EditLead" name="RunEditLead" time="16.087"/>
  <system-out/>
</testsuite> <!-- week5.day1.EditLead -->
