<?xml version="1.0" encoding="UTF-8"?>
<!-- Generated by org.testng.reporters.JUnitReportReporter -->
<testsuite hostname="Erwin" failures="0" tests="2" name="runner.CreateleadRunner" time="28.033" errors="0" timestamp="2024-07-28T11:28:06 IST" skipped="0">
  <testcase classname="runner.CreateleadRunner" name="runScenario" time="14.508"/>
  <system-out/>
  <testcase classname="runner.CreateleadRunner" name="runScenario" time="13.525"/>
  <system-out/>
</testsuite> <!-- runner.CreateleadRunner -->
