<?xml version="1.0" encoding="UTF-8"?>
<!-- Generated by org.testng.reporters.JUnitReportReporter -->
<testsuite hostname="Erwin" failures="0" tests="1" name="week5.day1.DuplicateLead" time="12.676" errors="0" timestamp="2024-08-06T22:43:27 IST" skipped="0">
  <testcase classname="week5.day1.DuplicateLead" name="RunDuplicateLead" time="12.676"/>
  <system-out/>
</testsuite> <!-- week5.day1.DuplicateLead -->
