<?xml version="1.0" encoding="UTF-8"?>
<!-- Generated by org.testng.reporters.JUnitReportReporter -->
<testsuite hostname="Erwin" failures="0" tests="4" name="week6.day1.CreateLead" time="49.722" errors="0" timestamp="2024-07-28T01:10:07 IST" skipped="0">
  <testcase classname="week6.day1.CreateLead" name="RunCreateLead" time="11.720"/>
  <system-out/>
  <testcase classname="week6.day1.CreateLead" name="RunCreateLead" time="13.988"/>
  <system-out/>
  <testcase classname="week6.day1.CreateLead" name="RunCreateLead" time="12.347"/>
  <system-out/>
  <testcase classname="week6.day1.CreateLead" name="RunCreateLead" time="11.667"/>
  <system-out/>
</testsuite> <!-- week6.day1.CreateLead -->
