<?xml version="1.0" encoding="UTF-8"?>
<!-- Generated by org.testng.reporters.JUnitReportReporter -->
<testsuite hostname="Erwin" failures="0" tests="4" name="runner.TC_002_CreateLead" time="69.413" errors="0" timestamp="2024-08-18T23:06:42 IST" skipped="0">
  <testcase classname="runner.TC_002_CreateLead" name="runCreateLead" time="19.424"/>
  <system-out/>
  <testcase classname="runner.TC_002_CreateLead" name="runCreateLead" time="16.730"/>
  <system-out/>
  <testcase classname="runner.TC_002_CreateLead" name="runCreateLead" time="16.543"/>
  <system-out/>
  <testcase classname="runner.TC_002_CreateLead" name="runCreateLead" time="16.716"/>
  <system-out/>
</testsuite> <!-- runner.TC_002_CreateLead -->
