<?xml version="1.0" encoding="UTF-8"?>
<!-- Generated by org.testng.reporters.JUnitReportReporter -->
<testsuite hostname="Erwin" failures="0" tests="1" name="runner.TC_001_Login2" time="11.705" errors="0" timestamp="2024-08-18T13:33:08 IST" skipped="0">
  <testcase classname="runner.TC_001_Login2" name="runScenario" time="11.705"/>
  <system-out/>
</testsuite> <!-- runner.TC_001_Login2 -->
