<?xml version="1.0" encoding="UTF-8"?>
<!-- Generated by org.testng.reporters.JUnitReportReporter -->
<testsuite hostname="Erwin" failures="0" tests="1" name="runner.TC_001_Login" time="11.803" errors="0" timestamp="2024-08-18T13:33:08 IST" skipped="0">
  <testcase classname="runner.TC_001_Login" name="runScenario" time="11.803"/>
  <system-out/>
</testsuite> <!-- runner.TC_001_Login -->
