<?xml version="1.0" encoding="UTF-8"?>
<!-- Generated by org.testng.reporters.JUnitReportReporter -->
<testsuite hostname="Erwin" failures="0" tests="1" name="test.TC_001_Search2" time="15.972" errors="0" timestamp="2025-01-10T22:02:19 IST" skipped="0">
  <testcase classname="test.TC_001_Search2" name="SearchAndClick" time="15.972"/>
  <system-out/>
</testsuite> <!-- test.TC_001_Search2 -->
