<?xml version="1.0" encoding="UTF-8"?>
<!-- Generated by org.testng.reporters.JUnitReportReporter -->
<testsuite hostname="Erwin" failures="0" tests="1" name="test.TC_001_Search" time="11.006" errors="0" timestamp="2024-10-19T11:58:54 IST" skipped="0">
  <testcase classname="test.TC_001_Search" name="SearchAndClick" time="11.006"/>
  <system-out/>
</testsuite> <!-- test.TC_001_Search -->
