<?xml version="1.0" encoding="UTF-8"?>
<!-- Generated by org.testng.reporters.JUnitReportReporter -->
<testsuite hostname="Erwin" failures="0" tests="1" name="test.TC_001_Search2" time="11.560" errors="0" timestamp="2025-01-22T22:31:09 IST" skipped="0">
  <testcase classname="test.TC_001_Search2" name="SearchAndClick" time="11.560"/>
  <system-out/>
</testsuite> <!-- test.TC_001_Search2 -->
