<?xml version="1.0" encoding="UTF-8"?>
<!-- Generated by org.testng.reporters.JUnitReportReporter -->
<testsuite hostname="Erwin" failures="0" tests="1" name="test.TC_001_Search2" time="18.726" errors="0" timestamp="2024-12-23T00:29:02 IST" skipped="0">
  <testcase classname="test.TC_001_Search2" name="SearchAndClick" time="18.726"/>
  <system-out/>
</testsuite> <!-- test.TC_001_Search2 -->
