<?xml version="1.0" encoding="UTF-8"?>
<!-- Generated by org.testng.reporters.JUnitReportReporter -->
<testsuite hostname="Erwin" failures="0" tests="1" name="test.TC_001_Search" time="13.805" errors="0" timestamp="2024-12-23T00:29:02 IST" skipped="0">
  <testcase classname="test.TC_001_Search" name="SearchAndClick" time="13.805"/>
  <system-out/>
</testsuite> <!-- test.TC_001_Search -->
