<?xml version="1.0" encoding="UTF-8"?>
<!-- Generated by org.testng.reporters.JUnitReportReporter -->
<testsuite hostname="Erwin" failures="0" tests="1" name="test.TC_001_Search" time="11.647" errors="0" timestamp="2024-12-28T12:22:19 IST" skipped="0">
  <testcase classname="test.TC_001_Search" name="SearchAndClick" time="11.647"/>
  <system-out/>
</testsuite> <!-- test.TC_001_Search -->
