<?xml version="1.0" encoding="UTF-8"?>
<!-- Generated by org.testng.reporters.JUnitReportReporter -->
<testsuite hostname="Erwin" failures="0" tests="1" name="test.TC_001_Search" time="11.933" errors="0" timestamp="2025-01-05T21:50:28 IST" skipped="0">
  <testcase classname="test.TC_001_Search" name="SearchAndClick" time="11.933"/>
  <system-out/>
</testsuite> <!-- test.TC_001_Search -->
