<?xml version="1.0" encoding="UTF-8"?>
<!-- Generated by org.testng.reporters.JUnitReportReporter -->
<testsuite hostname="Erwin" failures="0" tests="1" name="test.TC_001_Search" time="12.169" errors="0" timestamp="2025-01-05T17:06:42 IST" skipped="0">
  <testcase classname="test.TC_001_Search" name="SearchAndClick" time="12.169"/>
  <system-out/>
</testsuite> <!-- test.TC_001_Search -->
