<?xml version="1.0" encoding="UTF-8"?>
<!-- Generated by org.testng.reporters.JUnitReportReporter -->
<testsuite hostname="Erwin" failures="0" tests="2" name="runner.TC_001_Login" time="23.308" errors="0" timestamp="2024-08-15T15:48:55 IST" skipped="0">
  <testcase classname="runner.TC_001_Login" name="runScenario" time="11.169"/>
  <system-out/>
  <testcase classname="runner.TC_001_Login" name="runScenario" time="12.139"/>
  <system-out/>
</testsuite> <!-- runner.TC_001_Login -->
