<?xml version="1.0" encoding="UTF-8"?>
<!-- Generated by org.testng.reporters.JUnitReportReporter -->
<testsuite hostname="Erwin" failures="0" tests="1" name="com.leaftaps.testcases.TC005_DeleteLead" time="20.705" errors="0" timestamp="2024-10-21T11:58:15 IST" skipped="0">
  <testcase classname="com.leaftaps.testcases.TC005_DeleteLead" name="runLogin" time="20.705"/>
  <system-out/>
</testsuite> <!-- com.leaftaps.testcases.TC005_DeleteLead -->
