<?xml version="1.0" encoding="UTF-8"?>
<!-- Generated by org.testng.reporters.JUnitReportReporter -->
<testsuite hostname="Erwin" failures="0" tests="1" name="com.leaftaps.testcases.TC003_CreateLead" time="46.393" errors="0" timestamp="2025-01-05T17:28:09 IST" skipped="0">
  <testcase classname="com.leaftaps.testcases.TC003_CreateLead" name="runLogin" time="46.393"/>
  <system-out/>
</testsuite> <!-- com.leaftaps.testcases.TC003_CreateLead -->
