<?xml version="1.0" encoding="UTF-8"?>
<!-- Generated by org.testng.reporters.JUnitReportReporter -->
<testsuite hostname="Erwin" failures="0" tests="1" name="com.leaftaps.testcases.TC004_EditLead" time="20.145" errors="0" timestamp="2025-01-18T22:40:36 IST" skipped="0">
  <testcase classname="com.leaftaps.testcases.TC004_EditLead" name="runLogin" time="20.145"/>
  <system-out/>
</testsuite> <!-- com.leaftaps.testcases.TC004_EditLead -->
