<?xml version="1.0" encoding="UTF-8"?>
<!-- Generated by org.testng.reporters.JUnitReportReporter -->
<testsuite hostname="Erwin" failures="0" tests="1" name="com.leaftaps.testcases.TC003_CreateLead" time="24.832" errors="0" timestamp="2024-12-09T13:09:46 IST" skipped="0">
  <testcase classname="com.leaftaps.testcases.TC003_CreateLead" name="runLogin" time="24.832"/>
  <system-out/>
</testsuite> <!-- com.leaftaps.testcases.TC003_CreateLead -->
