<?xml version="1.0" encoding="UTF-8"?>
<!-- Generated by org.testng.reporters.JUnitReportReporter -->
<testsuite hostname="Erwin" failures="0" tests="1" name="com.leaftaps.testcases.TC003_CreateLead" time="19.301" errors="0" timestamp="2025-01-19T21:23:02 IST" skipped="0">
  <testcase classname="com.leaftaps.testcases.TC003_CreateLead" name="runLogin" time="19.301"/>
  <system-out/>
</testsuite> <!-- com.leaftaps.testcases.TC003_CreateLead -->
