<?xml version="1.0" encoding="UTF-8"?>
<!-- Generated by org.testng.reporters.JUnitReportReporter -->
<testsuite hostname="Erwin" failures="0" tests="1" name="testcases.TC_001_Login" time="11.826" errors="0" timestamp="2024-08-11T09:01:08 IST" skipped="0">
  <testcase classname="testcases.TC_001_Login" name="runLogin" time="11.826"/>
  <system-out/>
</testsuite> <!-- testcases.TC_001_Login -->
