<?xml version="1.0" encoding="UTF-8"?>
<!-- Generated by org.testng.reporters.JUnitReportReporter -->
<testsuite hostname="Erwin" failures="0" tests="1" name="testcases.TC_001_Login" time="11.706" errors="0" timestamp="2024-08-10T11:05:36 IST" skipped="0">
  <testcase classname="testcases.TC_001_Login" name="runLogin" time="11.706"/>
  <system-out/>
</testsuite> <!-- testcases.TC_001_Login -->
